<?xml version="1.0" encoding="UTF-8"?>
<!-- Generated by org.testng.reporters.JUnitReportReporter -->
<testsuite skipped="0" hostname="vuram-2019-0046" name="TestRunner.TestRunners" tests="1" failures="1" timestamp="2022-03-30T09:11:26 IST" time="38.797" errors="0">
  <testcase name="runScenario" time="38.797" classname="TestRunner.TestRunners">
    <failure type="java.lang.AssertionError" message="expected [true] but found [false]">
      <![CDATA[java.lang.AssertionError: expected [true] but found [false]
at org.testng.Assert.fail(Assert.java:99)
at org.testng.Assert.failNotEquals(Assert.java:1037)
at org.testng.Assert.assertTrue(Assert.java:45)
at org.testng.Assert.assertTrue(Assert.java:55)
at Reusable.VATT.MultipleUploadUsingInputValues(VATT.java:273)
at stepDefinition.SAIL.User_uploads_mulitple_files_in_the_upload_field(SAIL.java:137)
at ✽.User uploads multiple files C:\Users\amalamarym\Downloads\dummy pdf (4).pdf,C:\Users\amalamarym\Downloads\sample (6).doc in the upload field Documents Upload(file:///C:/Users/amalamarym/Desktop/Cucumber/src/test/java/TestFeature/Dummy.feature:7)
]]>
    </failure>
  </testcase> <!-- runScenario -->
  <system-out/>
</testsuite> <!-- TestRunner.TestRunners -->
